{"/Users/macbookpro/MyGameDevArchive/game/survival-game/src/BytecodePattern/BytecodeInterpreter.ts": {"path":"/Users/macbookpro/MyGameDevArchive/game/survival-game/src/BytecodePattern/BytecodeInterpreter.ts","statementMap":{"0":{"start":{"line":1,"column":0},"end":{"line":1,"column":31}},"1":{"start":{"line":2,"column":0},"end":{"line":2,"column":30}},"2":{"start":{"line":7,"column":25},"end":{"line":7,"column":113}},"3":{"start":{"line":7,"column":60},"end":{"line":7,"column":74}},"4":{"start":{"line":7,"column":94},"end":{"line":7,"column":112}},"5":{"start":{"line":9,"column":8},"end":{"line":31,"column":11}},"6":{"start":{"line":10,"column":26},"end":{"line":10,"column":44}},"7":{"start":{"line":11,"column":27},"end":{"line":11,"column":35}},"8":{"start":{"line":12,"column":12},"end":{"line":30,"column":null}},"9":{"start":{"line":14,"column":31},"end":{"line":14,"column":51}},"10":{"start":{"line":15,"column":31},"end":{"line":15,"column":51}},"11":{"start":{"line":16,"column":31},"end":{"line":16,"column":51}},"12":{"start":{"line":17,"column":20},"end":{"line":19,"column":null}},"13":{"start":{"line":18,"column":24},"end":{"line":18,"column":82}},"14":{"start":{"line":20,"column":20},"end":{"line":20,"column":26}},"15":{"start":{"line":22,"column":30},"end":{"line":22,"column":50}},"16":{"start":{"line":23,"column":30},"end":{"line":23,"column":50}},"17":{"start":{"line":24,"column":37},"end":{"line":24,"column":52}},"18":{"start":{"line":25,"column":20},"end":{"line":25,"column":51}},"19":{"start":{"line":26,"column":20},"end":{"line":26,"column":26}},"20":{"start":{"line":28,"column":20},"end":{"line":28,"column":111}},"21":{"start":{"line":28,"column":86},"end":{"line":28,"column":109}},"22":{"start":{"line":29,"column":20},"end":{"line":29,"column":26}},"23":{"start":{"line":4,"column":0},"end":{"line":4,"column":13}}},"fnMap":{"0":{"name":"(anonymous_6)","decl":{"start":{"line":5,"column":4},"end":{"line":5,"column":19}},"loc":{"start":{"line":5,"column":50},"end":{"line":32,"column":5}}},"1":{"name":"(anonymous_7)","decl":{"start":{"line":7,"column":49},"end":{"line":7,"column":56}},"loc":{"start":{"line":7,"column":60},"end":{"line":7,"column":74}}},"2":{"name":"(anonymous_8)","decl":{"start":{"line":7,"column":83},"end":{"line":7,"column":90}},"loc":{"start":{"line":7,"column":94},"end":{"line":7,"column":112}}},"3":{"name":"(anonymous_9)","decl":{"start":{"line":9,"column":25},"end":{"line":9,"column":32}},"loc":{"start":{"line":9,"column":35},"end":{"line":31,"column":9}}},"4":{"name":"(anonymous_10)","decl":{"start":{"line":28,"column":44},"end":{"line":28,"column":45}},"loc":{"start":{"line":28,"column":86},"end":{"line":28,"column":109}}}},"branchMap":{"0":{"loc":{"start":{"line":12,"column":12},"end":{"line":30,"column":null}},"type":"switch","locations":[{"start":{"line":13,"column":16},"end":{"line":20,"column":26}},{"start":{"line":21,"column":16},"end":{"line":26,"column":26}},{"start":{"line":27,"column":16},"end":{"line":29,"column":26}}]},"1":{"loc":{"start":{"line":17,"column":20},"end":{"line":19,"column":null}},"type":"if","locations":[{"start":{"line":17,"column":20},"end":{"line":19,"column":null}}]}},"s":{"0":2,"1":2,"2":0,"3":0,"4":0,"5":0,"6":0,"7":0,"8":0,"9":0,"10":0,"11":0,"12":0,"13":0,"14":0,"15":0,"16":0,"17":0,"18":0,"19":0,"20":0,"21":0,"22":0,"23":2},"f":{"0":0,"1":0,"2":0,"3":0,"4":0},"b":{"0":[0,0,0],"1":[0]}}
,"/Users/macbookpro/MyGameDevArchive/game/survival-game/src/BytecodePattern/Enemy.ts": {"path":"/Users/macbookpro/MyGameDevArchive/game/survival-game/src/BytecodePattern/Enemy.ts","statementMap":{"0":{"start":{"line":2,"column":0},"end":{"line":2,"column":31}},"1":{"start":{"line":3,"column":0},"end":{"line":3,"column":60}},"2":{"start":{"line":16,"column":8},"end":{"line":16,"column":51}},"3":{"start":{"line":17,"column":8},"end":{"line":17,"column":105}},"4":{"start":{"line":18,"column":8},"end":{"line":18,"column":22}},"5":{"start":{"line":19,"column":8},"end":{"line":19,"column":61}},"6":{"start":{"line":20,"column":8},"end":{"line":20,"column":32}},"7":{"start":{"line":22,"column":25},"end":{"line":22,"column":62}},"8":{"start":{"line":23,"column":25},"end":{"line":48,"column":10}},"9":{"start":{"line":50,"column":8},"end":{"line":50,"column":55}},"10":{"start":{"line":51,"column":8},"end":{"line":51,"column":82}},"11":{"start":{"line":54,"column":8},"end":{"line":54,"column":61}},"12":{"start":{"line":55,"column":8},"end":{"line":55,"column":83}},"13":{"start":{"line":59,"column":8},"end":{"line":59,"column":41}},"14":{"start":{"line":60,"column":8},"end":{"line":60,"column":65}},"15":{"start":{"line":61,"column":8},"end":{"line":61,"column":47}},"16":{"start":{"line":62,"column":8},"end":{"line":62,"column":48}},"17":{"start":{"line":64,"column":8},"end":{"line":66,"column":null}},"18":{"start":{"line":65,"column":12},"end":{"line":65,"column":47}},"19":{"start":{"line":67,"column":8},"end":{"line":69,"column":null}},"20":{"start":{"line":68,"column":12},"end":{"line":68,"column":47}},"21":{"start":{"line":71,"column":8},"end":{"line":71,"column":26}},"22":{"start":{"line":73,"column":22},"end":{"line":73,"column":53}},"23":{"start":{"line":74,"column":20},"end":{"line":74,"column":25}},"24":{"start":{"line":75,"column":22},"end":{"line":75,"column":39}},"25":{"start":{"line":76,"column":21},"end":{"line":76,"column":38}},"26":{"start":{"line":78,"column":22},"end":{"line":78,"column":55}},"27":{"start":{"line":80,"column":25},"end":{"line":80,"column":67}},"28":{"start":{"line":82,"column":8},"end":{"line":82,"column":46}},"29":{"start":{"line":83,"column":8},"end":{"line":83,"column":36}},"30":{"start":{"line":85,"column":8},"end":{"line":85,"column":70}},"31":{"start":{"line":89,"column":8},"end":{"line":89,"column":80}},"32":{"start":{"line":93,"column":8},"end":{"line":93,"column":53}},"33":{"start":{"line":94,"column":8},"end":{"line":94,"column":53}},"34":{"start":{"line":6,"column":0},"end":{"line":6,"column":13}}},"fnMap":{"0":{"name":"(anonymous_6)","decl":{"start":{"line":15,"column":4},"end":{"line":15,"column":16}},"loc":{"start":{"line":15,"column":36},"end":{"line":56,"column":5}}},"1":{"name":"(anonymous_7)","decl":{"start":{"line":58,"column":4},"end":{"line":58,"column":10}},"loc":{"start":{"line":58,"column":10},"end":{"line":86,"column":5}}},"2":{"name":"(anonymous_8)","decl":{"start":{"line":88,"column":4},"end":{"line":88,"column":19}},"loc":{"start":{"line":88,"column":36},"end":{"line":90,"column":5}}},"3":{"name":"(anonymous_9)","decl":{"start":{"line":92,"column":4},"end":{"line":92,"column":19}},"loc":{"start":{"line":92,"column":19},"end":{"line":95,"column":5}}}},"branchMap":{"0":{"loc":{"start":{"line":64,"column":8},"end":{"line":66,"column":null}},"type":"if","locations":[{"start":{"line":64,"column":8},"end":{"line":66,"column":null}}]},"1":{"loc":{"start":{"line":64,"column":12},"end":{"line":64,"column":57}},"type":"binary-expr","locations":[{"start":{"line":64,"column":12},"end":{"line":64,"column":33}},{"start":{"line":64,"column":37},"end":{"line":64,"column":57}}]},"2":{"loc":{"start":{"line":67,"column":8},"end":{"line":69,"column":null}},"type":"if","locations":[{"start":{"line":67,"column":8},"end":{"line":69,"column":null}}]},"3":{"loc":{"start":{"line":67,"column":12},"end":{"line":67,"column":57}},"type":"binary-expr","locations":[{"start":{"line":67,"column":12},"end":{"line":67,"column":33}},{"start":{"line":67,"column":37},"end":{"line":67,"column":57}}]}},"s":{"0":2,"1":2,"2":3,"3":3,"4":3,"5":3,"6":3,"7":3,"8":3,"9":3,"10":3,"11":3,"12":3,"13":1,"14":1,"15":1,"16":1,"17":1,"18":0,"19":1,"20":0,"21":1,"22":1,"23":1,"24":1,"25":1,"26":1,"27":1,"28":1,"29":1,"30":1,"31":0,"32":1,"33":1,"34":2},"f":{"0":3,"1":1,"2":0,"3":1},"b":{"0":[0],"1":[1,1],"2":[0],"3":[1,1]}}
,"/Users/macbookpro/MyGameDevArchive/game/survival-game/src/BytecodePattern/Sphere.ts": {"path":"/Users/macbookpro/MyGameDevArchive/game/survival-game/src/BytecodePattern/Sphere.ts","statementMap":{"0":{"start":{"line":2,"column":0},"end":{"line":2,"column":31}},"1":{"start":{"line":3,"column":0},"end":{"line":3,"column":58}},"2":{"start":{"line":18,"column":8},"end":{"line":18,"column":44}},"3":{"start":{"line":19,"column":8},"end":{"line":19,"column":44}},"4":{"start":{"line":20,"column":8},"end":{"line":20,"column":28}},"5":{"start":{"line":21,"column":8},"end":{"line":21,"column":31}},"6":{"start":{"line":22,"column":8},"end":{"line":22,"column":32}},"7":{"start":{"line":23,"column":8},"end":{"line":23,"column":61}},"8":{"start":{"line":25,"column":8},"end":{"line":48,"column":11}},"9":{"start":{"line":50,"column":25},"end":{"line":50,"column":60}},"10":{"start":{"line":51,"column":8},"end":{"line":51,"column":60}},"11":{"start":{"line":52,"column":8},"end":{"line":52,"column":40}},"12":{"start":{"line":54,"column":8},"end":{"line":54,"column":59}},"13":{"start":{"line":55,"column":8},"end":{"line":55,"column":41}},"14":{"start":{"line":56,"column":8},"end":{"line":56,"column":34}},"15":{"start":{"line":60,"column":8},"end":{"line":62,"column":null}},"16":{"start":{"line":61,"column":12},"end":{"line":61,"column":39}},"17":{"start":{"line":64,"column":8},"end":{"line":64,"column":41}},"18":{"start":{"line":65,"column":8},"end":{"line":65,"column":47}},"19":{"start":{"line":67,"column":8},"end":{"line":69,"column":null}},"20":{"start":{"line":68,"column":12},"end":{"line":68,"column":68}},"21":{"start":{"line":71,"column":8},"end":{"line":71,"column":43}},"22":{"start":{"line":73,"column":8},"end":{"line":73,"column":71}},"23":{"start":{"line":74,"column":8},"end":{"line":74,"column":71}},"24":{"start":{"line":78,"column":8},"end":{"line":78,"column":77}},"25":{"start":{"line":82,"column":8},"end":{"line":82,"column":37}},"26":{"start":{"line":86,"column":8},"end":{"line":86,"column":42}},"27":{"start":{"line":90,"column":8},"end":{"line":90,"column":30}},"28":{"start":{"line":94,"column":8},"end":{"line":94,"column":31}},"29":{"start":{"line":98,"column":26},"end":{"line":98,"column":29}},"30":{"start":{"line":100,"column":29},"end":{"line":100,"column":63}},"31":{"start":{"line":102,"column":8},"end":{"line":102,"column":65}},"32":{"start":{"line":103,"column":8},"end":{"line":103,"column":71}},"33":{"start":{"line":104,"column":8},"end":{"line":104,"column":71}},"34":{"start":{"line":106,"column":8},"end":{"line":106,"column":43}},"35":{"start":{"line":107,"column":8},"end":{"line":107,"column":71}},"36":{"start":{"line":108,"column":8},"end":{"line":108,"column":99}},"37":{"start":{"line":6,"column":0},"end":{"line":6,"column":13}}},"fnMap":{"0":{"name":"(anonymous_6)","decl":{"start":{"line":17,"column":4},"end":{"line":17,"column":null}},"loc":{"start":{"line":17,"column":4},"end":{"line":57,"column":5}}},"1":{"name":"(anonymous_7)","decl":{"start":{"line":59,"column":4},"end":{"line":59,"column":10}},"loc":{"start":{"line":59,"column":10},"end":{"line":75,"column":5}}},"2":{"name":"(anonymous_8)","decl":{"start":{"line":77,"column":4},"end":{"line":77,"column":19}},"loc":{"start":{"line":77,"column":36},"end":{"line":79,"column":5}}},"3":{"name":"(anonymous_9)","decl":{"start":{"line":81,"column":4},"end":{"line":81,"column":15}},"loc":{"start":{"line":81,"column":39},"end":{"line":83,"column":5}}},"4":{"name":"(anonymous_10)","decl":{"start":{"line":85,"column":4},"end":{"line":85,"column":9}},"loc":{"start":{"line":85,"column":9},"end":{"line":87,"column":5}}},"5":{"name":"(anonymous_11)","decl":{"start":{"line":89,"column":4},"end":{"line":89,"column":8}},"loc":{"start":{"line":89,"column":8},"end":{"line":91,"column":5}}},"6":{"name":"(anonymous_12)","decl":{"start":{"line":93,"column":4},"end":{"line":93,"column":15}},"loc":{"start":{"line":93,"column":15},"end":{"line":95,"column":5}}},"7":{"name":"(anonymous_13)","decl":{"start":{"line":97,"column":4},"end":{"line":97,"column":26}},"loc":{"start":{"line":97,"column":26},"end":{"line":109,"column":5}}}},"branchMap":{"0":{"loc":{"start":{"line":60,"column":8},"end":{"line":62,"column":null}},"type":"if","locations":[{"start":{"line":60,"column":8},"end":{"line":62,"column":null}}]},"1":{"loc":{"start":{"line":67,"column":8},"end":{"line":69,"column":null}},"type":"if","locations":[{"start":{"line":67,"column":8},"end":{"line":69,"column":null}}]}},"s":{"0":1,"1":1,"2":0,"3":0,"4":0,"5":0,"6":0,"7":0,"8":0,"9":0,"10":0,"11":0,"12":0,"13":0,"14":0,"15":0,"16":0,"17":0,"18":0,"19":0,"20":0,"21":0,"22":0,"23":0,"24":0,"25":0,"26":0,"27":0,"28":0,"29":0,"30":0,"31":0,"32":0,"33":0,"34":0,"35":0,"36":0,"37":1},"f":{"0":0,"1":0,"2":0,"3":0,"4":0,"5":0,"6":0,"7":0},"b":{"0":[0],"1":[0]}}
,"/Users/macbookpro/MyGameDevArchive/game/survival-game/src/CommandPattern/CommandInvoker.ts": {"path":"/Users/macbookpro/MyGameDevArchive/game/survival-game/src/CommandPattern/CommandInvoker.ts","statementMap":{"0":{"start":{"line":7,"column":8},"end":{"line":7,"column":34}},"1":{"start":{"line":11,"column":8},"end":{"line":11,"column":40}},"2":{"start":{"line":15,"column":24},"end":{"line":15,"column":46}},"3":{"start":{"line":16,"column":8},"end":{"line":18,"column":null}},"4":{"start":{"line":17,"column":12},"end":{"line":17,"column":30}},"5":{"start":{"line":3,"column":0},"end":{"line":3,"column":13}}},"fnMap":{"0":{"name":"(anonymous_0)","decl":{"start":{"line":6,"column":4},"end":{"line":6,"column":null}},"loc":{"start":{"line":6,"column":4},"end":{"line":8,"column":5}}},"1":{"name":"(anonymous_1)","decl":{"start":{"line":10,"column":4},"end":{"line":10,"column":14}},"loc":{"start":{"line":10,"column":45},"end":{"line":12,"column":5}}},"2":{"name":"(anonymous_2)","decl":{"start":{"line":14,"column":4},"end":{"line":14,"column":18}},"loc":{"start":{"line":14,"column":30},"end":{"line":19,"column":5}}}},"branchMap":{"0":{"loc":{"start":{"line":16,"column":8},"end":{"line":18,"column":null}},"type":"if","locations":[{"start":{"line":16,"column":8},"end":{"line":18,"column":null}}]}},"s":{"0":2,"1":8,"2":2,"3":2,"4":1,"5":1},"f":{"0":2,"1":8,"2":2},"b":{"0":[1]}}
,"/Users/macbookpro/MyGameDevArchive/game/survival-game/src/CommandPattern/CommandPattern.ts": {"path":"/Users/macbookpro/MyGameDevArchive/game/survival-game/src/CommandPattern/CommandPattern.ts","statementMap":{"0":{"start":{"line":7,"column":8},"end":{"line":7,"column":33}},"1":{"start":{"line":11,"column":8},"end":{"line":11,"column":31}},"2":{"start":{"line":3,"column":0},"end":{"line":3,"column":13}},"3":{"start":{"line":19,"column":8},"end":{"line":19,"column":33}},"4":{"start":{"line":23,"column":8},"end":{"line":23,"column":30}},"5":{"start":{"line":15,"column":0},"end":{"line":15,"column":13}},"6":{"start":{"line":31,"column":8},"end":{"line":31,"column":33}},"7":{"start":{"line":35,"column":8},"end":{"line":35,"column":31}},"8":{"start":{"line":27,"column":0},"end":{"line":27,"column":13}},"9":{"start":{"line":43,"column":8},"end":{"line":43,"column":33}},"10":{"start":{"line":47,"column":8},"end":{"line":47,"column":30}},"11":{"start":{"line":39,"column":0},"end":{"line":39,"column":13}},"12":{"start":{"line":55,"column":8},"end":{"line":55,"column":37}},"13":{"start":{"line":59,"column":8},"end":{"line":59,"column":31}},"14":{"start":{"line":51,"column":0},"end":{"line":51,"column":13}},"15":{"start":{"line":67,"column":8},"end":{"line":67,"column":37}},"16":{"start":{"line":71,"column":8},"end":{"line":71,"column":32}},"17":{"start":{"line":63,"column":0},"end":{"line":63,"column":13}}},"fnMap":{"0":{"name":"(anonymous_0)","decl":{"start":{"line":6,"column":4},"end":{"line":6,"column":16}},"loc":{"start":{"line":6,"column":39},"end":{"line":8,"column":5}}},"1":{"name":"(anonymous_1)","decl":{"start":{"line":10,"column":4},"end":{"line":10,"column":11}},"loc":{"start":{"line":10,"column":11},"end":{"line":12,"column":5}}},"2":{"name":"(anonymous_2)","decl":{"start":{"line":18,"column":4},"end":{"line":18,"column":16}},"loc":{"start":{"line":18,"column":39},"end":{"line":20,"column":5}}},"3":{"name":"(anonymous_3)","decl":{"start":{"line":22,"column":4},"end":{"line":22,"column":11}},"loc":{"start":{"line":22,"column":11},"end":{"line":24,"column":5}}},"4":{"name":"(anonymous_4)","decl":{"start":{"line":30,"column":4},"end":{"line":30,"column":16}},"loc":{"start":{"line":30,"column":39},"end":{"line":32,"column":5}}},"5":{"name":"(anonymous_5)","decl":{"start":{"line":34,"column":4},"end":{"line":34,"column":11}},"loc":{"start":{"line":34,"column":11},"end":{"line":36,"column":5}}},"6":{"name":"(anonymous_6)","decl":{"start":{"line":42,"column":4},"end":{"line":42,"column":16}},"loc":{"start":{"line":42,"column":39},"end":{"line":44,"column":5}}},"7":{"name":"(anonymous_7)","decl":{"start":{"line":46,"column":4},"end":{"line":46,"column":11}},"loc":{"start":{"line":46,"column":11},"end":{"line":48,"column":5}}},"8":{"name":"(anonymous_8)","decl":{"start":{"line":54,"column":4},"end":{"line":54,"column":16}},"loc":{"start":{"line":54,"column":35},"end":{"line":56,"column":5}}},"9":{"name":"(anonymous_9)","decl":{"start":{"line":58,"column":4},"end":{"line":58,"column":11}},"loc":{"start":{"line":58,"column":11},"end":{"line":60,"column":5}}},"10":{"name":"(anonymous_10)","decl":{"start":{"line":66,"column":4},"end":{"line":66,"column":16}},"loc":{"start":{"line":66,"column":35},"end":{"line":68,"column":5}}},"11":{"name":"(anonymous_11)","decl":{"start":{"line":70,"column":4},"end":{"line":70,"column":11}},"loc":{"start":{"line":70,"column":11},"end":{"line":72,"column":5}}}},"branchMap":{},"s":{"0":2,"1":1,"2":1,"3":2,"4":0,"5":1,"6":2,"7":0,"8":1,"9":2,"10":0,"11":1,"12":0,"13":0,"14":1,"15":0,"16":0,"17":1},"f":{"0":2,"1":1,"2":2,"3":0,"4":2,"5":0,"6":2,"7":0,"8":0,"9":0,"10":0,"11":0},"b":{}}
,"/Users/macbookpro/MyGameDevArchive/game/survival-game/src/CommandPattern/KeyboardInputHandler.ts": {"path":"/Users/macbookpro/MyGameDevArchive/game/survival-game/src/CommandPattern/KeyboardInputHandler.ts","statementMap":{"0":{"start":{"line":1,"column":0},"end":{"line":1,"column":31}},"1":{"start":{"line":2,"column":0},"end":{"line":2,"column":50}},"2":{"start":{"line":3,"column":0},"end":{"line":3,"column":141}},"3":{"start":{"line":8,"column":12},"end":{"line":8,"column":44}},"4":{"start":{"line":11,"column":8},"end":{"line":11,"column":44}},"5":{"start":{"line":12,"column":8},"end":{"line":12,"column":44}},"6":{"start":{"line":14,"column":8},"end":{"line":14,"column":76}},"7":{"start":{"line":15,"column":8},"end":{"line":15,"column":77}},"8":{"start":{"line":16,"column":8},"end":{"line":16,"column":73}},"9":{"start":{"line":17,"column":8},"end":{"line":17,"column":74}},"10":{"start":{"line":19,"column":8},"end":{"line":19,"column":74}},"11":{"start":{"line":20,"column":8},"end":{"line":20,"column":70}},"12":{"start":{"line":24,"column":8},"end":{"line":26,"column":null}},"13":{"start":{"line":25,"column":12},"end":{"line":25,"column":51}},"14":{"start":{"line":27,"column":8},"end":{"line":30,"column":null}},"15":{"start":{"line":28,"column":12},"end":{"line":28,"column":45}},"16":{"start":{"line":29,"column":12},"end":{"line":29,"column":39}},"17":{"start":{"line":34,"column":8},"end":{"line":36,"column":null}},"18":{"start":{"line":35,"column":12},"end":{"line":35,"column":39}},"19":{"start":{"line":37,"column":8},"end":{"line":39,"column":null}},"20":{"start":{"line":38,"column":12},"end":{"line":38,"column":56}},"21":{"start":{"line":43,"column":8},"end":{"line":43,"column":29}},"22":{"start":{"line":47,"column":8},"end":{"line":47,"column":35}},"23":{"start":{"line":5,"column":0},"end":{"line":5,"column":13}}},"fnMap":{"0":{"name":"(anonymous_6)","decl":{"start":{"line":10,"column":4},"end":{"line":10,"column":null}},"loc":{"start":{"line":10,"column":4},"end":{"line":21,"column":5}}},"1":{"name":"(anonymous_7)","decl":{"start":{"line":23,"column":11},"end":{"line":23,"column":24}},"loc":{"start":{"line":23,"column":45},"end":{"line":31,"column":5}}},"2":{"name":"(anonymous_8)","decl":{"start":{"line":33,"column":11},"end":{"line":33,"column":22}},"loc":{"start":{"line":33,"column":43},"end":{"line":40,"column":5}}},"3":{"name":"(anonymous_9)","decl":{"start":{"line":42,"column":4},"end":{"line":42,"column":15}},"loc":{"start":{"line":42,"column":15},"end":{"line":44,"column":5}}},"4":{"name":"(anonymous_10)","decl":{"start":{"line":46,"column":4},"end":{"line":46,"column":20}},"loc":{"start":{"line":46,"column":20},"end":{"line":48,"column":5}}}},"branchMap":{"0":{"loc":{"start":{"line":24,"column":8},"end":{"line":26,"column":null}},"type":"if","locations":[{"start":{"line":24,"column":8},"end":{"line":26,"column":null}}]},"1":{"loc":{"start":{"line":24,"column":12},"end":{"line":24,"column":92}},"type":"binary-expr","locations":[{"start":{"line":24,"column":12},"end":{"line":24,"column":29}},{"start":{"line":24,"column":33},"end":{"line":24,"column":50}},{"start":{"line":24,"column":54},"end":{"line":24,"column":71}},{"start":{"line":24,"column":75},"end":{"line":24,"column":92}}]},"2":{"loc":{"start":{"line":27,"column":8},"end":{"line":30,"column":null}},"type":"if","locations":[{"start":{"line":27,"column":8},"end":{"line":30,"column":null}}]},"3":{"loc":{"start":{"line":34,"column":8},"end":{"line":36,"column":null}},"type":"if","locations":[{"start":{"line":34,"column":8},"end":{"line":36,"column":null}}]},"4":{"loc":{"start":{"line":34,"column":12},"end":{"line":34,"column":92}},"type":"binary-expr","locations":[{"start":{"line":34,"column":12},"end":{"line":34,"column":29}},{"start":{"line":34,"column":33},"end":{"line":34,"column":50}},{"start":{"line":34,"column":54},"end":{"line":34,"column":71}},{"start":{"line":34,"column":75},"end":{"line":34,"column":92}}]},"5":{"loc":{"start":{"line":37,"column":8},"end":{"line":39,"column":null}},"type":"if","locations":[{"start":{"line":37,"column":8},"end":{"line":39,"column":null}}]}},"s":{"0":1,"1":1,"2":1,"3":2,"4":2,"5":2,"6":2,"7":2,"8":2,"9":2,"10":2,"11":2,"12":2,"13":1,"14":2,"15":1,"16":1,"17":0,"18":0,"19":0,"20":0,"21":1,"22":1,"23":1},"f":{"0":2,"1":2,"2":0,"3":1,"4":1},"b":{"0":[1],"1":[2,1,1,1],"2":[1],"3":[0],"4":[0,0,0,0],"5":[0]}}
,"/Users/macbookpro/MyGameDevArchive/game/survival-game/src/Core/GameWorld.ts": {"path":"/Users/macbookpro/MyGameDevArchive/game/survival-game/src/Core/GameWorld.ts","statementMap":{"0":{"start":{"line":2,"column":0},"end":{"line":2,"column":31}},"1":{"start":{"line":3,"column":0},"end":{"line":3,"column":47}},"2":{"start":{"line":5,"column":0},"end":{"line":5,"column":75}},"3":{"start":{"line":6,"column":0},"end":{"line":6,"column":58}},"4":{"start":{"line":7,"column":0},"end":{"line":7,"column":49}},"5":{"start":{"line":8,"column":0},"end":{"line":8,"column":26}},"6":{"start":{"line":25,"column":8},"end":{"line":25,"column":39}},"7":{"start":{"line":26,"column":8},"end":{"line":26,"column":58}},"8":{"start":{"line":27,"column":8},"end":{"line":27,"column":105}},"9":{"start":{"line":28,"column":8},"end":{"line":28,"column":50}},"10":{"start":{"line":29,"column":8},"end":{"line":29,"column":69}},"11":{"start":{"line":30,"column":8},"end":{"line":30,"column":61}},"12":{"start":{"line":31,"column":8},"end":{"line":31,"column":49}},"13":{"start":{"line":32,"column":8},"end":{"line":32,"column":50}},"14":{"start":{"line":33,"column":8},"end":{"line":33,"column":60}},"15":{"start":{"line":35,"column":8},"end":{"line":35,"column":105}},"16":{"start":{"line":36,"column":8},"end":{"line":36,"column":43}},"17":{"start":{"line":37,"column":8},"end":{"line":37,"column":36}},"18":{"start":{"line":38,"column":8},"end":{"line":38,"column":46}},"19":{"start":{"line":40,"column":29},"end":{"line":40,"column":61}},"20":{"start":{"line":41,"column":8},"end":{"line":41,"column":37}},"21":{"start":{"line":43,"column":33},"end":{"line":43,"column":74}},"22":{"start":{"line":44,"column":8},"end":{"line":44,"column":62}},"23":{"start":{"line":45,"column":8},"end":{"line":45,"column":41}},"24":{"start":{"line":47,"column":30},"end":{"line":47,"column":81}},"25":{"start":{"line":48,"column":30},"end":{"line":48,"column":63}},"26":{"start":{"line":49,"column":22},"end":{"line":49,"column":66}},"27":{"start":{"line":50,"column":8},"end":{"line":50,"column":40}},"28":{"start":{"line":51,"column":8},"end":{"line":51,"column":30}},"29":{"start":{"line":53,"column":8},"end":{"line":53,"column":27}},"30":{"start":{"line":54,"column":8},"end":{"line":54,"column":26}},"31":{"start":{"line":55,"column":8},"end":{"line":55,"column":32}},"32":{"start":{"line":56,"column":8},"end":{"line":56,"column":24}},"33":{"start":{"line":57,"column":8},"end":{"line":57,"column":61}},"34":{"start":{"line":58,"column":8},"end":{"line":58,"column":47}},"35":{"start":{"line":60,"column":8},"end":{"line":60,"column":57}},"36":{"start":{"line":62,"column":8},"end":{"line":62,"column":36}},"37":{"start":{"line":64,"column":8},"end":{"line":64,"column":35}},"38":{"start":{"line":68,"column":8},"end":{"line":76,"column":null}},"39":{"start":{"line":69,"column":29},"end":{"line":69,"column":80}},"40":{"start":{"line":70,"column":12},"end":{"line":73,"column":null}},"41":{"start":{"line":71,"column":16},"end":{"line":71,"column":50}},"42":{"start":{"line":72,"column":16},"end":{"line":72,"column":62}},"43":{"start":{"line":75,"column":12},"end":{"line":75,"column":58}},"44":{"start":{"line":80,"column":8},"end":{"line":86,"column":null}},"45":{"start":{"line":81,"column":12},"end":{"line":81,"column":74}},"46":{"start":{"line":82,"column":29},"end":{"line":82,"column":104}},"47":{"start":{"line":83,"column":12},"end":{"line":83,"column":55}},"48":{"start":{"line":85,"column":12},"end":{"line":85,"column":56}},"49":{"start":{"line":91,"column":8},"end":{"line":94,"column":11}},"50":{"start":{"line":92,"column":44},"end":{"line":92,"column":63}},"51":{"start":{"line":98,"column":8},"end":{"line":98,"column":35}},"52":{"start":{"line":99,"column":8},"end":{"line":107,"column":null}},"53":{"start":{"line":100,"column":12},"end":{"line":100,"column":40}},"54":{"start":{"line":101,"column":12},"end":{"line":101,"column":47}},"55":{"start":{"line":102,"column":15},"end":{"line":107,"column":null}},"56":{"start":{"line":103,"column":12},"end":{"line":103,"column":38}},"57":{"start":{"line":104,"column":12},"end":{"line":104,"column":40}},"58":{"start":{"line":105,"column":12},"end":{"line":105,"column":41}},"59":{"start":{"line":106,"column":12},"end":{"line":106,"column":47}},"60":{"start":{"line":111,"column":8},"end":{"line":111,"column":46}},"61":{"start":{"line":112,"column":8},"end":{"line":117,"column":null}},"62":{"start":{"line":113,"column":26},"end":{"line":113,"column":54}},"63":{"start":{"line":114,"column":12},"end":{"line":116,"column":null}},"64":{"start":{"line":115,"column":16},"end":{"line":115,"column":46}},"65":{"start":{"line":118,"column":8},"end":{"line":118,"column":39}},"66":{"start":{"line":119,"column":8},"end":{"line":121,"column":null}},"67":{"start":{"line":120,"column":12},"end":{"line":120,"column":55}},"68":{"start":{"line":125,"column":8},"end":{"line":125,"column":57}},"69":{"start":{"line":125,"column":40},"end":{"line":125,"column":55}},"70":{"start":{"line":126,"column":8},"end":{"line":126,"column":54}},"71":{"start":{"line":126,"column":38},"end":{"line":126,"column":52}},"72":{"start":{"line":127,"column":8},"end":{"line":127,"column":54}},"73":{"start":{"line":131,"column":8},"end":{"line":131,"column":85}},"74":{"start":{"line":132,"column":8},"end":{"line":132,"column":49}},"75":{"start":{"line":136,"column":8},"end":{"line":159,"column":11}},"76":{"start":{"line":137,"column":25},"end":{"line":137,"column":77}},"77":{"start":{"line":138,"column":12},"end":{"line":158,"column":null}},"78":{"start":{"line":139,"column":16},"end":{"line":139,"column":40}},"79":{"start":{"line":140,"column":16},"end":{"line":140,"column":46}},"80":{"start":{"line":141,"column":16},"end":{"line":141,"column":47}},"81":{"start":{"line":142,"column":16},"end":{"line":142,"column":46}},"82":{"start":{"line":143,"column":16},"end":{"line":143,"column":38}},"83":{"start":{"line":145,"column":16},"end":{"line":149,"column":null}},"84":{"start":{"line":146,"column":20},"end":{"line":146,"column":54}},"85":{"start":{"line":147,"column":20},"end":{"line":147,"column":45}},"86":{"start":{"line":148,"column":20},"end":{"line":148,"column":66}},"87":{"start":{"line":151,"column":16},"end":{"line":151,"column":48}},"88":{"start":{"line":153,"column":33},"end":{"line":155,"column":null}},"89":{"start":{"line":157,"column":16},"end":{"line":157,"column":41}},"90":{"start":{"line":163,"column":8},"end":{"line":166,"column":null}},"91":{"start":{"line":163,"column":21},"end":{"line":163,"column":22}},"92":{"start":{"line":164,"column":26},"end":{"line":164,"column":85}},"93":{"start":{"line":165,"column":12},"end":{"line":165,"column":34}},"94":{"start":{"line":11,"column":0},"end":{"line":11,"column":13}}},"fnMap":{"0":{"name":"(anonymous_14)","decl":{"start":{"line":24,"column":4},"end":{"line":24,"column":null}},"loc":{"start":{"line":24,"column":4},"end":{"line":65,"column":5}}},"1":{"name":"(anonymous_15)","decl":{"start":{"line":67,"column":10},"end":{"line":67,"column":30}},"loc":{"start":{"line":67,"column":30},"end":{"line":77,"column":null}}},"2":{"name":"(anonymous_17)","decl":{"start":{"line":79,"column":10},"end":{"line":79,"column":27}},"loc":{"start":{"line":79,"column":61},"end":{"line":87,"column":null}}},"3":{"name":"(anonymous_19)","decl":{"start":{"line":90,"column":4},"end":{"line":90,"column":25}},"loc":{"start":{"line":90,"column":42},"end":{"line":95,"column":5}}},"4":{"name":"(anonymous_20)","decl":{"start":{"line":92,"column":39},"end":{"line":92,"column":40}},"loc":{"start":{"line":92,"column":44},"end":{"line":92,"column":63}}},"5":{"name":"(anonymous_21)","decl":{"start":{"line":97,"column":4},"end":{"line":97,"column":13}},"loc":{"start":{"line":97,"column":32},"end":{"line":108,"column":5}}},"6":{"name":"(anonymous_22)","decl":{"start":{"line":110,"column":4},"end":{"line":110,"column":16}},"loc":{"start":{"line":110,"column":35},"end":{"line":122,"column":5}}},"7":{"name":"(anonymous_23)","decl":{"start":{"line":124,"column":4},"end":{"line":124,"column":10}},"loc":{"start":{"line":124,"column":10},"end":{"line":128,"column":5}}},"8":{"name":"(anonymous_24)","decl":{"start":{"line":125,"column":30},"end":{"line":125,"column":36}},"loc":{"start":{"line":125,"column":40},"end":{"line":125,"column":55}}},"9":{"name":"(anonymous_25)","decl":{"start":{"line":126,"column":29},"end":{"line":126,"column":34}},"loc":{"start":{"line":126,"column":38},"end":{"line":126,"column":52}}},"10":{"name":"(anonymous_26)","decl":{"start":{"line":130,"column":4},"end":{"line":130,"column":16}},"loc":{"start":{"line":130,"column":31},"end":{"line":133,"column":5}}},"11":{"name":"(anonymous_27)","decl":{"start":{"line":135,"column":4},"end":{"line":135,"column":19}},"loc":{"start":{"line":135,"column":34},"end":{"line":160,"column":5}}},"12":{"name":"(anonymous_28)","decl":{"start":{"line":136,"column":29},"end":{"line":136,"column":30}},"loc":{"start":{"line":136,"column":46},"end":{"line":159,"column":9}}},"13":{"name":"(anonymous_29)","decl":{"start":{"line":162,"column":4},"end":{"line":162,"column":23}},"loc":{"start":{"line":162,"column":23},"end":{"line":167,"column":5}}}},"branchMap":{"0":{"loc":{"start":{"line":70,"column":12},"end":{"line":73,"column":null}},"type":"if","locations":[{"start":{"line":70,"column":12},"end":{"line":73,"column":null}}]},"1":{"loc":{"start":{"line":99,"column":8},"end":{"line":107,"column":null}},"type":"if","locations":[{"start":{"line":99,"column":8},"end":{"line":107,"column":null}},{"start":{"line":102,"column":15},"end":{"line":107,"column":null}}]},"2":{"loc":{"start":{"line":102,"column":15},"end":{"line":107,"column":null}},"type":"if","locations":[{"start":{"line":102,"column":15},"end":{"line":107,"column":null}}]},"3":{"loc":{"start":{"line":112,"column":8},"end":{"line":117,"column":null}},"type":"if","locations":[{"start":{"line":112,"column":8},"end":{"line":117,"column":null}}]},"4":{"loc":{"start":{"line":114,"column":12},"end":{"line":116,"column":null}},"type":"if","locations":[{"start":{"line":114,"column":12},"end":{"line":116,"column":null}}]},"5":{"loc":{"start":{"line":119,"column":8},"end":{"line":121,"column":null}},"type":"if","locations":[{"start":{"line":119,"column":8},"end":{"line":121,"column":null}}]},"6":{"loc":{"start":{"line":138,"column":12},"end":{"line":158,"column":null}},"type":"if","locations":[{"start":{"line":138,"column":12},"end":{"line":158,"column":null}}]},"7":{"loc":{"start":{"line":145,"column":16},"end":{"line":149,"column":null}},"type":"if","locations":[{"start":{"line":145,"column":16},"end":{"line":149,"column":null}}]}},"s":{"0":1,"1":1,"2":1,"3":1,"4":1,"5":1,"6":1,"7":1,"8":1,"9":1,"10":0,"11":0,"12":0,"13":0,"14":0,"15":0,"16":0,"17":0,"18":0,"19":0,"20":0,"21":0,"22":0,"23":0,"24":0,"25":0,"26":0,"27":0,"28":0,"29":0,"30":0,"31":0,"32":0,"33":0,"34":0,"35":0,"36":0,"37":0,"38":0,"39":0,"40":0,"41":0,"42":0,"43":0,"44":0,"45":0,"46":0,"47":0,"48":0,"49":0,"50":0,"51":0,"52":0,"53":0,"54":0,"55":0,"56":0,"57":0,"58":0,"59":0,"60":0,"61":0,"62":0,"63":0,"64":0,"65":0,"66":0,"67":0,"68":0,"69":0,"70":0,"71":0,"72":0,"73":0,"74":0,"75":0,"76":0,"77":0,"78":0,"79":0,"80":0,"81":0,"82":0,"83":0,"84":0,"85":0,"86":0,"87":0,"88":0,"89":0,"90":0,"91":0,"92":0,"93":0,"94":1},"f":{"0":1,"1":0,"2":0,"3":0,"4":0,"5":0,"6":0,"7":0,"8":0,"9":0,"10":0,"11":0,"12":0,"13":0},"b":{"0":[0],"1":[0,0],"2":[0],"3":[0],"4":[0],"5":[0],"6":[0],"7":[0]}}
,"/Users/macbookpro/MyGameDevArchive/game/survival-game/src/SpatialPattern/SpatialGrid.ts": {"path":"/Users/macbookpro/MyGameDevArchive/game/survival-game/src/SpatialPattern/SpatialGrid.ts","statementMap":{"0":{"start":{"line":9,"column":8},"end":{"line":9,"column":33}},"1":{"start":{"line":10,"column":8},"end":{"line":10,"column":30}},"2":{"start":{"line":14,"column":22},"end":{"line":14,"column":51}},"3":{"start":{"line":15,"column":22},"end":{"line":15,"column":51}},"4":{"start":{"line":16,"column":8},"end":{"line":16,"column":35}},"5":{"start":{"line":20,"column":20},"end":{"line":20,"column":83}},"6":{"start":{"line":21,"column":8},"end":{"line":23,"column":null}},"7":{"start":{"line":22,"column":12},"end":{"line":22,"column":35}},"8":{"start":{"line":24,"column":8},"end":{"line":24,"column":41}},"9":{"start":{"line":28,"column":20},"end":{"line":28,"column":83}},"10":{"start":{"line":29,"column":8},"end":{"line":38,"column":null}},"11":{"start":{"line":30,"column":35},"end":{"line":30,"column":54}},"12":{"start":{"line":31,"column":26},"end":{"line":31,"column":56}},"13":{"start":{"line":32,"column":12},"end":{"line":34,"column":null}},"14":{"start":{"line":33,"column":16},"end":{"line":33,"column":48}},"15":{"start":{"line":35,"column":12},"end":{"line":37,"column":null}},"16":{"start":{"line":36,"column":16},"end":{"line":36,"column":38}},"17":{"start":{"line":42,"column":20},"end":{"line":42,"column":41}},"18":{"start":{"line":43,"column":45},"end":{"line":43,"column":47}},"19":{"start":{"line":44,"column":27},"end":{"line":50,"column":10}},"20":{"start":{"line":52,"column":8},"end":{"line":57,"column":11}},"21":{"start":{"line":53,"column":32},"end":{"line":53,"column":105}},"22":{"start":{"line":54,"column":12},"end":{"line":56,"column":null}},"23":{"start":{"line":55,"column":16},"end":{"line":55,"column":68}},"24":{"start":{"line":59,"column":8},"end":{"line":59,"column":30}},"25":{"start":{"line":4,"column":0},"end":{"line":4,"column":13}}},"fnMap":{"0":{"name":"(anonymous_0)","decl":{"start":{"line":8,"column":4},"end":{"line":8,"column":16}},"loc":{"start":{"line":8,"column":32},"end":{"line":11,"column":5}}},"1":{"name":"(anonymous_1)","decl":{"start":{"line":13,"column":12},"end":{"line":13,"column":22}},"loc":{"start":{"line":13,"column":43},"end":{"line":17,"column":5}}},"2":{"name":"(anonymous_2)","decl":{"start":{"line":19,"column":4},"end":{"line":19,"column":13}},"loc":{"start":{"line":19,"column":32},"end":{"line":25,"column":5}}},"3":{"name":"(anonymous_3)","decl":{"start":{"line":27,"column":4},"end":{"line":27,"column":16}},"loc":{"start":{"line":27,"column":35},"end":{"line":39,"column":5}}},"4":{"name":"(anonymous_4)","decl":{"start":{"line":41,"column":4},"end":{"line":41,"column":21}},"loc":{"start":{"line":41,"column":42},"end":{"line":60,"column":5}}},"5":{"name":"(anonymous_5)","decl":{"start":{"line":52,"column":27},"end":{"line":52,"column":28}},"loc":{"start":{"line":52,"column":40},"end":{"line":57,"column":9}}}},"branchMap":{"0":{"loc":{"start":{"line":21,"column":8},"end":{"line":23,"column":null}},"type":"if","locations":[{"start":{"line":21,"column":8},"end":{"line":23,"column":null}}]},"1":{"loc":{"start":{"line":24,"column":8},"end":{"line":24,"column":40}},"type":"cond-expr","locations":[{"start":{"line":24,"column":26},"end":{"line":24,"column":28}},{"start":{"line":24,"column":26},"end":{"line":24,"column":40}}]},"2":{"loc":{"start":{"line":24,"column":8},"end":{"line":24,"column":28}},"type":"binary-expr","locations":[{"start":{"line":24,"column":8},"end":{"line":24,"column":28}},{"start":{"line":24,"column":26},"end":{"line":24,"column":28}}]},"3":{"loc":{"start":{"line":29,"column":8},"end":{"line":38,"column":null}},"type":"if","locations":[{"start":{"line":29,"column":8},"end":{"line":38,"column":null}}]},"4":{"loc":{"start":{"line":32,"column":12},"end":{"line":34,"column":null}},"type":"if","locations":[{"start":{"line":32,"column":12},"end":{"line":34,"column":null}}]},"5":{"loc":{"start":{"line":35,"column":12},"end":{"line":37,"column":null}},"type":"if","locations":[{"start":{"line":35,"column":12},"end":{"line":37,"column":null}}]},"6":{"loc":{"start":{"line":54,"column":12},"end":{"line":56,"column":null}},"type":"if","locations":[{"start":{"line":54,"column":12},"end":{"line":56,"column":null}}]}},"s":{"0":0,"1":0,"2":0,"3":0,"4":0,"5":0,"6":0,"7":0,"8":0,"9":0,"10":0,"11":0,"12":0,"13":0,"14":0,"15":0,"16":0,"17":0,"18":0,"19":0,"20":0,"21":0,"22":0,"23":0,"24":0,"25":1},"f":{"0":0,"1":0,"2":0,"3":0,"4":0,"5":0},"b":{"0":[0],"1":[0,0],"2":[0,0],"3":[0],"4":[0],"5":[0],"6":[0]}}
}
