TN:
SF:src/BytecodePattern/BytecodeInterpreter.ts
FN:5,(anonymous_6)
FN:7,(anonymous_7)
FN:7,(anonymous_8)
FN:9,(anonymous_9)
FN:28,(anonymous_10)
FNF:5
FNH:0
FNDA:0,(anonymous_6)
FNDA:0,(anonymous_7)
FNDA:0,(anonymous_8)
FNDA:0,(anonymous_9)
FNDA:0,(anonymous_10)
DA:1,2
DA:2,2
DA:4,2
DA:7,0
DA:9,0
DA:10,0
DA:11,0
DA:12,0
DA:14,0
DA:15,0
DA:16,0
DA:17,0
DA:18,0
DA:20,0
DA:22,0
DA:23,0
DA:24,0
DA:25,0
DA:26,0
DA:28,0
DA:29,0
LF:21
LH:3
BRDA:12,0,0,0
BRDA:12,0,1,0
BRDA:12,0,2,0
BRDA:17,1,0,0
BRF:4
BRH:0
end_of_record
TN:
SF:src/BytecodePattern/Enemy.ts
FN:15,(anonymous_6)
FN:58,(anonymous_7)
FN:88,(anonymous_8)
FN:92,(anonymous_9)
FNF:4
FNH:3
FNDA:3,(anonymous_6)
FNDA:1,(anonymous_7)
FNDA:0,(anonymous_8)
FNDA:1,(anonymous_9)
DA:2,2
DA:3,2
DA:6,2
DA:16,3
DA:17,3
DA:18,3
DA:19,3
DA:20,3
DA:22,3
DA:23,3
DA:50,3
DA:51,3
DA:54,3
DA:55,3
DA:59,1
DA:60,1
DA:61,1
DA:62,1
DA:64,1
DA:65,0
DA:67,1
DA:68,0
DA:71,1
DA:73,1
DA:74,1
DA:75,1
DA:76,1
DA:78,1
DA:80,1
DA:82,1
DA:83,1
DA:85,1
DA:89,0
DA:93,1
DA:94,1
LF:35
LH:32
BRDA:64,0,0,0
BRDA:64,1,0,1
BRDA:64,1,1,1
BRDA:67,2,0,0
BRDA:67,3,0,1
BRDA:67,3,1,1
BRF:6
BRH:4
end_of_record
TN:
SF:src/BytecodePattern/Sphere.ts
FN:17,(anonymous_6)
FN:59,(anonymous_7)
FN:77,(anonymous_8)
FN:81,(anonymous_9)
FN:85,(anonymous_10)
FN:89,(anonymous_11)
FN:93,(anonymous_12)
FN:97,(anonymous_13)
FNF:8
FNH:0
FNDA:0,(anonymous_6)
FNDA:0,(anonymous_7)
FNDA:0,(anonymous_8)
FNDA:0,(anonymous_9)
FNDA:0,(anonymous_10)
FNDA:0,(anonymous_11)
FNDA:0,(anonymous_12)
FNDA:0,(anonymous_13)
DA:2,1
DA:3,1
DA:6,1
DA:18,0
DA:19,0
DA:20,0
DA:21,0
DA:22,0
DA:23,0
DA:25,0
DA:50,0
DA:51,0
DA:52,0
DA:54,0
DA:55,0
DA:56,0
DA:60,0
DA:61,0
DA:64,0
DA:65,0
DA:67,0
DA:68,0
DA:71,0
DA:73,0
DA:74,0
DA:78,0
DA:82,0
DA:86,0
DA:90,0
DA:94,0
DA:98,0
DA:100,0
DA:102,0
DA:103,0
DA:104,0
DA:106,0
DA:107,0
DA:108,0
LF:38
LH:3
BRDA:60,0,0,0
BRDA:67,1,0,0
BRF:2
BRH:0
end_of_record
TN:
SF:src/CommandPattern/CommandInvoker.ts
FN:6,(anonymous_0)
FN:10,(anonymous_1)
FN:14,(anonymous_2)
FNF:3
FNH:3
FNDA:2,(anonymous_0)
FNDA:8,(anonymous_1)
FNDA:2,(anonymous_2)
DA:3,1
DA:7,2
DA:11,8
DA:15,2
DA:16,2
DA:17,1
LF:6
LH:6
BRDA:16,0,0,1
BRF:1
BRH:1
end_of_record
TN:
SF:src/CommandPattern/CommandPattern.ts
FN:6,(anonymous_0)
FN:10,(anonymous_1)
FN:18,(anonymous_2)
FN:22,(anonymous_3)
FN:30,(anonymous_4)
FN:34,(anonymous_5)
FN:42,(anonymous_6)
FN:46,(anonymous_7)
FN:54,(anonymous_8)
FN:58,(anonymous_9)
FN:66,(anonymous_10)
FN:70,(anonymous_11)
FNF:12
FNH:5
FNDA:2,(anonymous_0)
FNDA:1,(anonymous_1)
FNDA:2,(anonymous_2)
FNDA:0,(anonymous_3)
FNDA:2,(anonymous_4)
FNDA:0,(anonymous_5)
FNDA:2,(anonymous_6)
FNDA:0,(anonymous_7)
FNDA:0,(anonymous_8)
FNDA:0,(anonymous_9)
FNDA:0,(anonymous_10)
FNDA:0,(anonymous_11)
DA:3,1
DA:7,2
DA:11,1
DA:15,1
DA:19,2
DA:23,0
DA:27,1
DA:31,2
DA:35,0
DA:39,1
DA:43,2
DA:47,0
DA:51,1
DA:55,0
DA:59,0
DA:63,1
DA:67,0
DA:71,0
LF:18
LH:11
BRF:0
BRH:0
end_of_record
TN:
SF:src/CommandPattern/KeyboardInputHandler.ts
FN:10,(anonymous_6)
FN:23,(anonymous_7)
FN:33,(anonymous_8)
FN:42,(anonymous_9)
FN:46,(anonymous_10)
FNF:5
FNH:4
FNDA:2,(anonymous_6)
FNDA:2,(anonymous_7)
FNDA:0,(anonymous_8)
FNDA:1,(anonymous_9)
FNDA:1,(anonymous_10)
DA:1,1
DA:2,1
DA:3,1
DA:5,1
DA:8,2
DA:11,2
DA:12,2
DA:14,2
DA:15,2
DA:16,2
DA:17,2
DA:19,2
DA:20,2
DA:24,2
DA:25,1
DA:27,2
DA:28,1
DA:29,1
DA:34,0
DA:35,0
DA:37,0
DA:38,0
DA:43,1
DA:47,1
LF:24
LH:20
BRDA:24,0,0,1
BRDA:24,1,0,2
BRDA:24,1,1,1
BRDA:24,1,2,1
BRDA:24,1,3,1
BRDA:27,2,0,1
BRDA:34,3,0,0
BRDA:34,4,0,0
BRDA:34,4,1,0
BRDA:34,4,2,0
BRDA:34,4,3,0
BRDA:37,5,0,0
BRF:12
BRH:6
end_of_record
TN:
SF:src/Core/GameWorld.ts
FN:24,(anonymous_14)
FN:67,(anonymous_15)
FN:79,(anonymous_17)
FN:90,(anonymous_19)
FN:92,(anonymous_20)
FN:97,(anonymous_21)
FN:110,(anonymous_22)
FN:124,(anonymous_23)
FN:125,(anonymous_24)
FN:126,(anonymous_25)
FN:130,(anonymous_26)
FN:135,(anonymous_27)
FN:136,(anonymous_28)
FN:162,(anonymous_29)
FNF:14
FNH:1
FNDA:1,(anonymous_14)
FNDA:0,(anonymous_15)
FNDA:0,(anonymous_17)
FNDA:0,(anonymous_19)
FNDA:0,(anonymous_20)
FNDA:0,(anonymous_21)
FNDA:0,(anonymous_22)
FNDA:0,(anonymous_23)
FNDA:0,(anonymous_24)
FNDA:0,(anonymous_25)
FNDA:0,(anonymous_26)
FNDA:0,(anonymous_27)
FNDA:0,(anonymous_28)
FNDA:0,(anonymous_29)
DA:2,1
DA:3,1
DA:5,1
DA:6,1
DA:7,1
DA:8,1
DA:11,1
DA:25,1
DA:26,1
DA:27,1
DA:28,1
DA:29,0
DA:30,0
DA:31,0
DA:32,0
DA:33,0
DA:35,0
DA:36,0
DA:37,0
DA:38,0
DA:40,0
DA:41,0
DA:43,0
DA:44,0
DA:45,0
DA:47,0
DA:48,0
DA:49,0
DA:50,0
DA:51,0
DA:53,0
DA:54,0
DA:55,0
DA:56,0
DA:57,0
DA:58,0
DA:60,0
DA:62,0
DA:64,0
DA:68,0
DA:69,0
DA:70,0
DA:71,0
DA:72,0
DA:75,0
DA:80,0
DA:81,0
DA:82,0
DA:83,0
DA:85,0
DA:91,0
DA:92,0
DA:98,0
DA:99,0
DA:100,0
DA:101,0
DA:102,0
DA:103,0
DA:104,0
DA:105,0
DA:106,0
DA:111,0
DA:112,0
DA:113,0
DA:114,0
DA:115,0
DA:118,0
DA:119,0
DA:120,0
DA:125,0
DA:126,0
DA:127,0
DA:131,0
DA:132,0
DA:136,0
DA:137,0
DA:138,0
DA:139,0
DA:140,0
DA:141,0
DA:142,0
DA:143,0
DA:145,0
DA:146,0
DA:147,0
DA:148,0
DA:151,0
DA:153,0
DA:157,0
DA:163,0
DA:164,0
DA:165,0
LF:92
LH:11
BRDA:70,0,0,0
BRDA:99,1,0,0
BRDA:99,1,1,0
BRDA:102,2,0,0
BRDA:112,3,0,0
BRDA:114,4,0,0
BRDA:119,5,0,0
BRDA:138,6,0,0
BRDA:145,7,0,0
BRF:9
BRH:0
end_of_record
TN:
SF:src/SpatialPattern/SpatialGrid.ts
FN:8,(anonymous_0)
FN:13,(anonymous_1)
FN:19,(anonymous_2)
FN:27,(anonymous_3)
FN:41,(anonymous_4)
FN:52,(anonymous_5)
FNF:6
FNH:0
FNDA:0,(anonymous_0)
FNDA:0,(anonymous_1)
FNDA:0,(anonymous_2)
FNDA:0,(anonymous_3)
FNDA:0,(anonymous_4)
FNDA:0,(anonymous_5)
DA:4,1
DA:9,0
DA:10,0
DA:14,0
DA:15,0
DA:16,0
DA:20,0
DA:21,0
DA:22,0
DA:24,0
DA:28,0
DA:29,0
DA:30,0
DA:31,0
DA:32,0
DA:33,0
DA:35,0
DA:36,0
DA:42,0
DA:43,0
DA:44,0
DA:52,0
DA:53,0
DA:54,0
DA:55,0
DA:59,0
LF:26
LH:1
BRDA:21,0,0,0
BRDA:24,1,0,0
BRDA:24,1,1,0
BRDA:24,2,0,0
BRDA:24,2,1,0
BRDA:29,3,0,0
BRDA:32,4,0,0
BRDA:35,5,0,0
BRDA:54,6,0,0
BRF:9
BRH:0
end_of_record
